Release 14.7 - xst P.20131013 (nt64)
Copyright (c) 1995-2013 Xilinx, Inc.  All rights reserved.
--> Parameter TMPDIR set to xst/projnav.tmp


Total REAL time to Xst completion: 0.00 secs
Total CPU time to Xst completion: 0.15 secs
 
--> Parameter xsthdpdir set to xst


Total REAL time to Xst completion: 0.00 secs
Total CPU time to Xst completion: 0.15 secs
 
--> Reading design: Taller.prj

TABLE OF CONTENTS
  1) Synthesis Options Summary
  2) HDL Compilation
  3) Design Hierarchy Analysis
  4) HDL Analysis
  5) HDL Synthesis
     5.1) HDL Synthesis Report
  6) Advanced HDL Synthesis
     6.1) Advanced HDL Synthesis Report
  7) Low Level Synthesis
  8) Partition Report
  9) Final Report
	9.1) Device utilization summary
	9.2) Partition Resource Summary
	9.3) TIMING REPORT


=========================================================================
*                      Synthesis Options Summary                        *
=========================================================================
---- Source Parameters
Input File Name                    : "Taller.prj"
Input Format                       : mixed
Ignore Synthesis Constraint File   : NO

---- Target Parameters
Output File Name                   : "Taller"
Output Format                      : NGC
Target Device                      : xc3s500e-4-fg320

---- Source Options
Top Module Name                    : Taller
Automatic FSM Extraction           : YES
FSM Encoding Algorithm             : Auto
Safe Implementation                : No
FSM Style                          : LUT
RAM Extraction                     : Yes
RAM Style                          : Auto
ROM Extraction                     : Yes
Mux Style                          : Auto
Decoder Extraction                 : YES
Priority Encoder Extraction        : Yes
Shift Register Extraction          : YES
Logical Shifter Extraction         : YES
XOR Collapsing                     : YES
ROM Style                          : Auto
Mux Extraction                     : Yes
Resource Sharing                   : YES
Asynchronous To Synchronous        : NO
Multiplier Style                   : Auto
Automatic Register Balancing       : No

---- Target Options
Add IO Buffers                     : YES
Global Maximum Fanout              : 100000
Add Generic Clock Buffer(BUFG)     : 24
Register Duplication               : YES
Slice Packing                      : YES
Optimize Instantiated Primitives   : NO
Use Clock Enable                   : Yes
Use Synchronous Set                : Yes
Use Synchronous Reset              : Yes
Pack IO Registers into IOBs        : Auto
Equivalent register Removal        : YES

---- General Options
Optimization Goal                  : Speed
Optimization Effort                : 1
Keep Hierarchy                     : No
Netlist Hierarchy                  : As_Optimized
RTL Output                         : Yes
Global Optimization                : AllClockNets
Read Cores                         : YES
Write Timing Constraints           : NO
Cross Clock Analysis               : NO
Hierarchy Separator                : /
Bus Delimiter                      : <>
Case Specifier                     : Maintain
Slice Utilization Ratio            : 100
BRAM Utilization Ratio             : 100
Verilog 2001                       : YES
Auto BRAM Packing                  : NO
Slice Utilization Ratio Delta      : 5

=========================================================================


=========================================================================
*                          HDL Compilation                              *
=========================================================================
Compiling vhdl file "D:/javid/Documentos/Octavo/vlsii/PROYECTO 2 PARCIAL/detector4bits-20210107T001808Z-001/Talller/ff_jk.vhd" in Library work.
Architecture behavioral of Entity ff_jk is up to date.
Compiling vhdl file "D:/javid/Documentos/Octavo/vlsii/PROYECTO 2 PARCIAL/detector4bits-20210107T001808Z-001/Talller/generador_0101.vhd" in Library work.
Architecture behavioral of Entity generador_0101 is up to date.
Compiling vhdl file "D:/javid/Documentos/Octavo/vlsii/PROYECTO 2 PARCIAL/detector4bits-20210107T001808Z-001/Talller/generador_0011.vhd" in Library work.
Architecture behavioral of Entity generador_0011 is up to date.
Compiling vhdl file "D:/javid/Documentos/Octavo/vlsii/PROYECTO 2 PARCIAL/detector4bits-20210107T001808Z-001/Talller/generador_1001.vhd" in Library work.
Architecture behavioral of Entity generador_1001 is up to date.
Compiling vhdl file "D:/javid/Documentos/Octavo/vlsii/PROYECTO 2 PARCIAL/detector4bits-20210107T001808Z-001/Talller/generador_1011.vhd" in Library work.
Architecture behavioral of Entity generador_1011 is up to date.
Compiling vhdl file "D:/javid/Documentos/Octavo/vlsii/PROYECTO 2 PARCIAL/detector4bits-20210107T001808Z-001/Talller/Taller.vhd" in Library work.
Entity <taller> compiled.
Entity <taller> (Architecture <behavioral>) compiled.

=========================================================================
*                     Design Hierarchy Analysis                         *
=========================================================================
Analyzing hierarchy for entity <Taller> in library <work> (architecture <behavioral>).

Analyzing hierarchy for entity <generador_0101> in library <work> (architecture <behavioral>).

Analyzing hierarchy for entity <generador_0011> in library <work> (architecture <behavioral>).

Analyzing hierarchy for entity <generador_1001> in library <work> (architecture <behavioral>).

Analyzing hierarchy for entity <generador_1011> in library <work> (architecture <behavioral>).

Analyzing hierarchy for entity <ff_jk> in library <work> (architecture <behavioral>).


=========================================================================
*                            HDL Analysis                               *
=========================================================================
Analyzing Entity <Taller> in library <work> (Architecture <behavioral>).
Entity <Taller> analyzed. Unit <Taller> generated.

Analyzing Entity <generador_0101> in library <work> (Architecture <behavioral>).
Entity <generador_0101> analyzed. Unit <generador_0101> generated.

Analyzing Entity <ff_jk> in library <work> (Architecture <behavioral>).
Entity <ff_jk> analyzed. Unit <ff_jk> generated.

Analyzing Entity <generador_0011> in library <work> (Architecture <behavioral>).
Entity <generador_0011> analyzed. Unit <generador_0011> generated.

Analyzing Entity <generador_1001> in library <work> (Architecture <behavioral>).
Entity <generador_1001> analyzed. Unit <generador_1001> generated.

Analyzing Entity <generador_1011> in library <work> (Architecture <behavioral>).
Entity <generador_1011> analyzed. Unit <generador_1011> generated.


=========================================================================
*                           HDL Synthesis                               *
=========================================================================

Performing bidirectional port resolution...

Synthesizing Unit <ff_jk>.
    Related source file is "D:/javid/Documentos/Octavo/vlsii/PROYECTO 2 PARCIAL/detector4bits-20210107T001808Z-001/Talller/ff_jk.vhd".
    Found 1-bit register for signal <temp>.
    Summary:
	inferred   1 D-type flip-flop(s).
Unit <ff_jk> synthesized.


Synthesizing Unit <generador_0101>.
    Related source file is "D:/javid/Documentos/Octavo/vlsii/PROYECTO 2 PARCIAL/detector4bits-20210107T001808Z-001/Talller/generador_0101.vhd".
WARNING:Xst:646 - Signal <q1> is assigned but never used. This unconnected signal will be trimmed during the optimization process.
Unit <generador_0101> synthesized.


Synthesizing Unit <generador_0011>.
    Related source file is "D:/javid/Documentos/Octavo/vlsii/PROYECTO 2 PARCIAL/detector4bits-20210107T001808Z-001/Talller/generador_0011.vhd".
Unit <generador_0011> synthesized.


Synthesizing Unit <generador_1001>.
    Related source file is "D:/javid/Documentos/Octavo/vlsii/PROYECTO 2 PARCIAL/detector4bits-20210107T001808Z-001/Talller/generador_1001.vhd".
Unit <generador_1001> synthesized.


Synthesizing Unit <generador_1011>.
    Related source file is "D:/javid/Documentos/Octavo/vlsii/PROYECTO 2 PARCIAL/detector4bits-20210107T001808Z-001/Talller/generador_1011.vhd".
Unit <generador_1011> synthesized.


Synthesizing Unit <Taller>.
    Related source file is "D:/javid/Documentos/Octavo/vlsii/PROYECTO 2 PARCIAL/detector4bits-20210107T001808Z-001/Talller/Taller.vhd".
WARNING:Xst:737 - Found 1-bit latch for signal <st>. Latches may be generated from incomplete case or if statements. We do not recommend the use of latches in FPGA/CPLD designs, as they may lead to timing problems.
Unit <Taller> synthesized.

WARNING:Xst:524 - All outputs of the instance <Inst_ff_jk_2> of the block <ff_jk> are unconnected in block <generador_0101>.
   This instance will be removed from the design along with all underlying logic

=========================================================================
HDL Synthesis Report

Macro Statistics
# Registers                                            : 7
 1-bit register                                        : 7
# Latches                                              : 1
 1-bit latch                                           : 1

=========================================================================

=========================================================================
*                       Advanced HDL Synthesis                          *
=========================================================================


=========================================================================
Advanced HDL Synthesis Report

Macro Statistics
# Registers                                            : 7
 Flip-Flops                                            : 7
# Latches                                              : 1
 1-bit latch                                           : 1

=========================================================================

=========================================================================
*                         Low Level Synthesis                           *
=========================================================================
WARNING:Xst:1989 - Unit <Taller>: instances <Inst_0101/Inst_ff_jk_1>, <Inst_0011/Inst_ff_jk_1> of unit <ff_jk> are equivalent, second instance is removed
WARNING:Xst:1989 - Unit <Taller>: instances <Inst_0101/Inst_ff_jk_1>, <Inst_1001/Inst_ff_jk_1> of unit <ff_jk> are equivalent, second instance is removed
WARNING:Xst:1989 - Unit <Taller>: instances <Inst_0101/Inst_ff_jk_1>, <Inst_1011/Inst_ff_jk_1> of unit <ff_jk> are equivalent, second instance is removed

Optimizing unit <Taller> ...

Mapping all equations...
Building and optimizing final netlist ...
Found area constraint ratio of 100 (+ 5) on block Taller, actual ratio is 0.

Final Macro Processing ...

=========================================================================
Final Register Report

Macro Statistics
# Registers                                            : 4
 Flip-Flops                                            : 4

=========================================================================

=========================================================================
*                           Partition Report                            *
=========================================================================

Partition Implementation Status
-------------------------------

  No Partitions were found in this design.

-------------------------------

=========================================================================
*                            Final Report                               *
=========================================================================
Final Results
RTL Top Level Output File Name     : Taller.ngr
Top Level Output File Name         : Taller
Output Format                      : NGC
Optimization Goal                  : Speed
Keep Hierarchy                     : No

Design Statistics
# IOs                              : 5

Cell Usage :
# BELS                             : 11
#      INV                         : 2
#      LUT2                        : 3
#      LUT3                        : 3
#      LUT4                        : 1
#      MUXF5                       : 1
#      VCC                         : 1
# FlipFlops/Latches                : 5
#      FDCE_1                      : 4
#      LDCPE                       : 1
# Clock Buffers                    : 2
#      BUFG                        : 1
#      BUFGP                       : 1
# IO Buffers                       : 4
#      IBUF                        : 3
#      OBUF                        : 1
=========================================================================

Device utilization summary:
---------------------------

Selected Device : 3s500efg320-4 

 Number of Slices:                        4  out of   4656     0%  
 Number of Slice Flip Flops:              4  out of   9312     0%  
 Number of 4 input LUTs:                  9  out of   9312     0%  
 Number of IOs:                           5
 Number of bonded IOBs:                   5  out of    232     2%  
    IOB Flip Flops:                       1
 Number of GCLKs:                         2  out of     24     8%  

---------------------------
Partition Resource Summary:
---------------------------

  No Partitions were found in this design.

---------------------------


=========================================================================
TIMING REPORT

NOTE: THESE TIMING NUMBERS ARE ONLY A SYNTHESIS ESTIMATE.
      FOR ACCURATE TIMING INFORMATION PLEASE REFER TO THE TRACE REPORT
      GENERATED AFTER PLACE-and-ROUTE.

Clock Information:
------------------
-----------------------------------+------------------------+-------+
Clock Signal                       | Clock buffer(FF name)  | Load  |
-----------------------------------+------------------------+-------+
selector2                          | IBUF+BUFG              | 1     |
clk                                | BUFGP                  | 4     |
-----------------------------------+------------------------+-------+

Asynchronous Control Signals Information:
----------------------------------------
---------------------------------------------------------------------------+----------------------------------+-------+
Control Signal                                                             | Buffer(FF name)                  | Load  |
---------------------------------------------------------------------------+----------------------------------+-------+
Inst_0011/Inst_ff_jk_2/reset_inv(Inst_0011/Inst_ff_jk_2/reset_inv1_INV_0:O)| NONE(Inst_0011/Inst_ff_jk_2/temp)| 4     |
st__and0000(st__and00001:O)                                                | NONE(st)                         | 1     |
st__and0001(st__and00011:O)                                                | NONE(st)                         | 1     |
---------------------------------------------------------------------------+----------------------------------+-------+

Timing Summary:
---------------
Speed Grade: -4

   Minimum period: 2.843ns (Maximum Frequency: 351.741MHz)
   Minimum input arrival time before clock: 3.359ns
   Maximum output required time after clock: 4.368ns
   Maximum combinational path delay: No path found

Timing Detail:
--------------
All values displayed in nanoseconds (ns)

=========================================================================
Timing constraint: Default period analysis for Clock 'clk'
  Clock period: 2.843ns (frequency: 351.741MHz)
  Total number of paths / destination ports: 10 / 7
-------------------------------------------------------------------------
Delay:               2.843ns (Levels of Logic = 1)
  Source:            Inst_0101/Inst_ff_jk_1/temp (FF)
  Destination:       Inst_0101/Inst_ff_jk_1/temp (FF)
  Source Clock:      clk falling
  Destination Clock: clk falling

  Data Path: Inst_0101/Inst_ff_jk_1/temp to Inst_0101/Inst_ff_jk_1/temp
                                Gate     Net
    Cell:in->out      fanout   Delay   Delay  Logical Name (Net Name)
    ----------------------------------------  ------------
     FDCE_1:C->Q           9   0.591   0.820  Inst_0101/Inst_ff_jk_1/temp (Inst_0101/Inst_ff_jk_1/temp)
     INV:I->O              1   0.704   0.420  Inst_0101/Inst_ff_jk_1/temp_mux00001_INV_0 (Inst_0101/Inst_ff_jk_1/temp_mux0000)
     FDCE_1:D                  0.308          Inst_0101/Inst_ff_jk_1/temp
    ----------------------------------------
    Total                      2.843ns (1.603ns logic, 1.240ns route)
                                       (56.4% logic, 43.6% route)

=========================================================================
Timing constraint: Default OFFSET IN BEFORE for Clock 'selector2'
  Total number of paths / destination ports: 4 / 2
-------------------------------------------------------------------------
Offset:              3.359ns (Levels of Logic = 3)
  Source:            selector (PAD)
  Destination:       st (LATCH)
  Destination Clock: selector2 falling

  Data Path: selector to st
                                Gate     Net
    Cell:in->out      fanout   Delay   Delay  Logical Name (Net Name)
    ----------------------------------------  ------------
     IBUF:I->O             5   1.218   0.808  selector_IBUF (selector_IBUF)
     LUT4:I0->O            1   0.704   0.000  st_mux00002 (st_mux00002)
     MUXF5:I0->O           3   0.321   0.000  st_mux0000_f5 (st_mux0000)
     LDCPE:D                   0.308          st
    ----------------------------------------
    Total                      3.359ns (2.551ns logic, 0.808ns route)
                                       (75.9% logic, 24.1% route)

=========================================================================
Timing constraint: Default OFFSET OUT AFTER for Clock 'selector2'
  Total number of paths / destination ports: 1 / 1
-------------------------------------------------------------------------
Offset:              4.368ns (Levels of Logic = 1)
  Source:            st (LATCH)
  Destination:       s1 (PAD)
  Source Clock:      selector2 falling

  Data Path: st to s1
                                Gate     Net
    Cell:in->out      fanout   Delay   Delay  Logical Name (Net Name)
    ----------------------------------------  ------------
     LDCPE:G->Q            1   0.676   0.420  st (st)
     OBUF:I->O                 3.272          s1_OBUF (s1)
    ----------------------------------------
    Total                      4.368ns (3.948ns logic, 0.420ns route)
                                       (90.4% logic, 9.6% route)

=========================================================================


Total REAL time to Xst completion: 4.00 secs
Total CPU time to Xst completion: 3.76 secs
 
--> 

Total memory usage is 4508532 kilobytes

Number of errors   :    0 (   0 filtered)
Number of warnings :    6 (   0 filtered)
Number of infos    :    0 (   0 filtered)

